[06-Jul-2024 10:14:44 UTC] WordPress database error Table 'local.wp_wc_webhooks' doesn't exist for query SELECT webhook_id
				FROM wp_wc_webhooks
				WHERE 1=1
				AND `status` = 'active'
				
				
				
				
				
				
				ORDER BY webhook_id DESC made by require_once('wp-admin/admin.php'), require_once('wp-load.php'), require_once('wp-config.php'), require_once('wp-settings.php'), do_action('init'), WP_Hook->do_action, WP_Hook->apply_filters, WooCommerce->init, WooCommerce->load_webhooks, wc_load_webhooks, WC_Data_Store->__call, WC_Webhook_Data_Store->get_webhooks_ids, WC_Webhook_Data_Store->search_webhooks
[06-Jul-2024 10:15:13 UTC] WordPress database error Table 'local.wp_wc_admin_notes' doesn't exist for query SELECT note_id FROM wp_wc_admin_notes WHERE type = 'survey' ORDER BY note_id ASC made by require_once('wp-admin/admin.php'), do_action('admin_init'), WP_Hook->do_action, WP_Hook->apply_filters, Automattic\WooCommerce\Admin\Notes\Notes::possibly_delete_survey_notes, WC_Data_Store->__call, Automattic\WooCommerce\Admin\Notes\DataStore->get_note_ids_by_type
[06-Jul-2024 10:15:13 UTC] WordPress database error Table 'local.wp_wc_admin_notes' doesn't exist for query SELECT note_id FROM wp_wc_admin_notes WHERE name = 'surface_cart_checkout' ORDER BY note_id ASC made by require_once('wp-admin/admin.php'), do_action('admin_init'), WP_Hook->do_action, WP_Hook->apply_filters, Automattic\WooCommerce\Blocks\Domain\Bootstrap->Automattic\WooCommerce\Blocks\Domain\{closure}, Automattic\WooCommerce\Blocks\InboxNotifications::delete_surface_cart_checkout_blocks_notification, Automattic\WooCommerce\Admin\Notes\Notes::delete_notes_with_name, WC_Data_Store->__call, Automattic\WooCommerce\Admin\Notes\DataStore->get_notes_with_name
[06-Jul-2024 10:15:15 UTC] WordPress database error Table 'local.wp_wc_admin_notes' doesn't exist for query SELECT note_id FROM wp_wc_admin_notes WHERE name = 'wc-update-db-reminder' ORDER BY note_id ASC made by require_once('wp-admin/admin.php'), set_current_screen, WP_Screen->set_current_screen, do_action('current_screen'), WP_Hook->do_action, WP_Hook->apply_filters, WC_Notes_Run_Db_Update::show_reminder, WC_Notes_Run_Db_Update::get_current_notice, WC_Data_Store->__call, Automattic\WooCommerce\Admin\Notes\DataStore->get_notes_with_name
[06-Jul-2024 12:08:12 UTC] PHP Warning:  foreach() argument must be of type array|object, string given in C:\Users\home\Local Sites\borgar\app\public\wp-content\plugins\astra-sites\inc\importers\class-astra-sites-helper.php on line 143
[06-Jul-2024 12:08:12 UTC] PHP Warning:  foreach() argument must be of type array|object, string given in C:\Users\home\Local Sites\borgar\app\public\wp-content\plugins\astra-sites\inc\lib\starter-templates-importer\importer\st-widget-importer.php on line 150
[06-Jul-2024 12:37:49 UTC] PHP Warning:  Undefined array key 1 in C:\Users\home\Local Sites\borgar\app\public\wp-content\plugins\astra-sites\inc\lib\zipwp-images\classes\zipwp-images-api.php on line 473
[06-Jul-2024 12:37:49 UTC] PHP Warning:  Undefined array key 1 in C:\Users\home\Local Sites\borgar\app\public\wp-content\plugins\astra-sites\inc\lib\zipwp-images\classes\zipwp-images-api.php on line 473
[06-Jul-2024 12:37:49 UTC] PHP Warning:  Undefined array key 1 in C:\Users\home\Local Sites\borgar\app\public\wp-content\plugins\astra-sites\inc\lib\zipwp-images\classes\zipwp-images-api.php on line 473
[06-Jul-2024 12:37:49 UTC] PHP Warning:  Undefined array key 1 in C:\Users\home\Local Sites\borgar\app\public\wp-content\plugins\astra-sites\inc\lib\zipwp-images\classes\zipwp-images-api.php on line 473
[06-Jul-2024 12:37:49 UTC] PHP Warning:  Undefined array key 1 in C:\Users\home\Local Sites\borgar\app\public\wp-content\plugins\astra-sites\inc\lib\zipwp-images\classes\zipwp-images-api.php on line 473
[06-Jul-2024 12:37:49 UTC] PHP Warning:  Undefined array key 1 in C:\Users\home\Local Sites\borgar\app\public\wp-content\plugins\astra-sites\inc\lib\zipwp-images\classes\zipwp-images-api.php on line 473
[06-Jul-2024 12:37:49 UTC] PHP Warning:  Undefined array key 1 in C:\Users\home\Local Sites\borgar\app\public\wp-content\plugins\astra-sites\inc\lib\zipwp-images\classes\zipwp-images-api.php on line 473
[06-Jul-2024 12:37:49 UTC] PHP Warning:  Undefined array key 1 in C:\Users\home\Local Sites\borgar\app\public\wp-content\plugins\astra-sites\inc\lib\zipwp-images\classes\zipwp-images-api.php on line 473
[06-Jul-2024 12:37:49 UTC] PHP Warning:  Undefined array key 1 in C:\Users\home\Local Sites\borgar\app\public\wp-content\plugins\astra-sites\inc\lib\zipwp-images\classes\zipwp-images-api.php on line 473
[06-Jul-2024 12:37:49 UTC] PHP Warning:  Undefined array key 1 in C:\Users\home\Local Sites\borgar\app\public\wp-content\plugins\astra-sites\inc\lib\zipwp-images\classes\zipwp-images-api.php on line 473
[06-Jul-2024 12:37:49 UTC] PHP Warning:  Undefined array key 1 in C:\Users\home\Local Sites\borgar\app\public\wp-content\plugins\astra-sites\inc\lib\zipwp-images\classes\zipwp-images-api.php on line 473
[06-Jul-2024 12:37:49 UTC] PHP Warning:  Undefined array key 1 in C:\Users\home\Local Sites\borgar\app\public\wp-content\plugins\astra-sites\inc\lib\zipwp-images\classes\zipwp-images-api.php on line 473
[06-Jul-2024 12:37:49 UTC] PHP Warning:  Undefined array key 1 in C:\Users\home\Local Sites\borgar\app\public\wp-content\plugins\astra-sites\inc\lib\zipwp-images\classes\zipwp-images-api.php on line 473
[06-Jul-2024 12:37:49 UTC] PHP Warning:  Undefined array key 1 in C:\Users\home\Local Sites\borgar\app\public\wp-content\plugins\astra-sites\inc\lib\zipwp-images\classes\zipwp-images-api.php on line 473
[06-Jul-2024 12:37:49 UTC] PHP Warning:  Undefined array key 1 in C:\Users\home\Local Sites\borgar\app\public\wp-content\plugins\astra-sites\inc\lib\zipwp-images\classes\zipwp-images-api.php on line 473
[06-Jul-2024 12:37:49 UTC] PHP Warning:  Undefined array key 1 in C:\Users\home\Local Sites\borgar\app\public\wp-content\plugins\astra-sites\inc\lib\zipwp-images\classes\zipwp-images-api.php on line 473
[06-Jul-2024 12:37:49 UTC] PHP Warning:  Undefined array key 1 in C:\Users\home\Local Sites\borgar\app\public\wp-content\plugins\astra-sites\inc\lib\zipwp-images\classes\zipwp-images-api.php on line 473
[06-Jul-2024 12:37:49 UTC] PHP Warning:  Undefined array key 1 in C:\Users\home\Local Sites\borgar\app\public\wp-content\plugins\astra-sites\inc\lib\zipwp-images\classes\zipwp-images-api.php on line 473
[06-Jul-2024 12:37:49 UTC] PHP Warning:  Undefined array key 1 in C:\Users\home\Local Sites\borgar\app\public\wp-content\plugins\astra-sites\inc\lib\zipwp-images\classes\zipwp-images-api.php on line 473
[06-Jul-2024 12:37:49 UTC] PHP Warning:  Undefined array key 1 in C:\Users\home\Local Sites\borgar\app\public\wp-content\plugins\astra-sites\inc\lib\zipwp-images\classes\zipwp-images-api.php on line 473
[06-Jul-2024 12:37:50 UTC] PHP Warning:  Undefined array key 1 in C:\Users\home\Local Sites\borgar\app\public\wp-content\plugins\astra-sites\inc\lib\zipwp-images\classes\zipwp-images-api.php on line 473
[06-Jul-2024 12:37:50 UTC] PHP Warning:  Undefined array key 1 in C:\Users\home\Local Sites\borgar\app\public\wp-content\plugins\astra-sites\inc\lib\zipwp-images\classes\zipwp-images-api.php on line 473
[06-Jul-2024 12:37:50 UTC] PHP Warning:  Undefined array key 1 in C:\Users\home\Local Sites\borgar\app\public\wp-content\plugins\astra-sites\inc\lib\zipwp-images\classes\zipwp-images-api.php on line 473
[06-Jul-2024 12:37:50 UTC] PHP Warning:  Undefined array key 1 in C:\Users\home\Local Sites\borgar\app\public\wp-content\plugins\astra-sites\inc\lib\zipwp-images\classes\zipwp-images-api.php on line 473
[06-Jul-2024 12:37:50 UTC] PHP Warning:  Undefined array key 1 in C:\Users\home\Local Sites\borgar\app\public\wp-content\plugins\astra-sites\inc\lib\zipwp-images\classes\zipwp-images-api.php on line 473
[06-Jul-2024 12:37:50 UTC] PHP Warning:  Undefined array key 1 in C:\Users\home\Local Sites\borgar\app\public\wp-content\plugins\astra-sites\inc\lib\zipwp-images\classes\zipwp-images-api.php on line 473
[06-Jul-2024 12:37:50 UTC] PHP Warning:  Undefined array key 1 in C:\Users\home\Local Sites\borgar\app\public\wp-content\plugins\astra-sites\inc\lib\zipwp-images\classes\zipwp-images-api.php on line 473
[06-Jul-2024 12:37:50 UTC] PHP Warning:  Undefined array key 1 in C:\Users\home\Local Sites\borgar\app\public\wp-content\plugins\astra-sites\inc\lib\zipwp-images\classes\zipwp-images-api.php on line 473
[06-Jul-2024 12:37:50 UTC] PHP Warning:  Undefined array key 1 in C:\Users\home\Local Sites\borgar\app\public\wp-content\plugins\astra-sites\inc\lib\zipwp-images\classes\zipwp-images-api.php on line 473
[06-Jul-2024 12:37:50 UTC] PHP Warning:  Undefined array key 1 in C:\Users\home\Local Sites\borgar\app\public\wp-content\plugins\astra-sites\inc\lib\zipwp-images\classes\zipwp-images-api.php on line 473
[06-Jul-2024 12:37:50 UTC] PHP Warning:  Undefined array key 1 in C:\Users\home\Local Sites\borgar\app\public\wp-content\plugins\astra-sites\inc\lib\zipwp-images\classes\zipwp-images-api.php on line 473
[06-Jul-2024 12:37:51 UTC] PHP Warning:  Undefined array key 1 in C:\Users\home\Local Sites\borgar\app\public\wp-content\plugins\astra-sites\inc\lib\zipwp-images\classes\zipwp-images-api.php on line 473
[06-Jul-2024 12:37:51 UTC] PHP Warning:  Undefined array key 1 in C:\Users\home\Local Sites\borgar\app\public\wp-content\plugins\astra-sites\inc\lib\zipwp-images\classes\zipwp-images-api.php on line 473
[06-Jul-2024 12:37:51 UTC] PHP Warning:  Undefined array key 1 in C:\Users\home\Local Sites\borgar\app\public\wp-content\plugins\astra-sites\inc\lib\zipwp-images\classes\zipwp-images-api.php on line 473
[06-Jul-2024 12:37:51 UTC] PHP Warning:  Undefined array key 1 in C:\Users\home\Local Sites\borgar\app\public\wp-content\plugins\astra-sites\inc\lib\zipwp-images\classes\zipwp-images-api.php on line 473
[06-Jul-2024 12:37:51 UTC] PHP Warning:  Undefined array key 1 in C:\Users\home\Local Sites\borgar\app\public\wp-content\plugins\astra-sites\inc\lib\zipwp-images\classes\zipwp-images-api.php on line 473
[06-Jul-2024 12:37:51 UTC] PHP Warning:  Undefined array key 1 in C:\Users\home\Local Sites\borgar\app\public\wp-content\plugins\astra-sites\inc\lib\zipwp-images\classes\zipwp-images-api.php on line 473
[06-Jul-2024 12:37:51 UTC] PHP Warning:  Undefined array key 1 in C:\Users\home\Local Sites\borgar\app\public\wp-content\plugins\astra-sites\inc\lib\zipwp-images\classes\zipwp-images-api.php on line 473
[06-Jul-2024 12:37:51 UTC] PHP Warning:  Undefined array key 1 in C:\Users\home\Local Sites\borgar\app\public\wp-content\plugins\astra-sites\inc\lib\zipwp-images\classes\zipwp-images-api.php on line 473
[06-Jul-2024 12:37:51 UTC] PHP Warning:  Undefined array key 1 in C:\Users\home\Local Sites\borgar\app\public\wp-content\plugins\astra-sites\inc\lib\zipwp-images\classes\zipwp-images-api.php on line 473
[06-Jul-2024 12:37:51 UTC] PHP Warning:  Undefined array key 1 in C:\Users\home\Local Sites\borgar\app\public\wp-content\plugins\astra-sites\inc\lib\zipwp-images\classes\zipwp-images-api.php on line 473
[06-Jul-2024 12:37:51 UTC] PHP Warning:  Undefined array key 1 in C:\Users\home\Local Sites\borgar\app\public\wp-content\plugins\astra-sites\inc\lib\zipwp-images\classes\zipwp-images-api.php on line 473
[06-Jul-2024 12:37:51 UTC] PHP Warning:  Undefined array key 1 in C:\Users\home\Local Sites\borgar\app\public\wp-content\plugins\astra-sites\inc\lib\zipwp-images\classes\zipwp-images-api.php on line 473
[06-Jul-2024 12:37:51 UTC] PHP Warning:  Undefined array key 1 in C:\Users\home\Local Sites\borgar\app\public\wp-content\plugins\astra-sites\inc\lib\zipwp-images\classes\zipwp-images-api.php on line 473
[06-Jul-2024 12:37:51 UTC] PHP Warning:  Undefined array key 1 in C:\Users\home\Local Sites\borgar\app\public\wp-content\plugins\astra-sites\inc\lib\zipwp-images\classes\zipwp-images-api.php on line 473
[06-Jul-2024 12:37:51 UTC] PHP Warning:  Undefined array key 1 in C:\Users\home\Local Sites\borgar\app\public\wp-content\plugins\astra-sites\inc\lib\zipwp-images\classes\zipwp-images-api.php on line 473
[06-Jul-2024 12:37:51 UTC] PHP Warning:  Undefined array key 1 in C:\Users\home\Local Sites\borgar\app\public\wp-content\plugins\astra-sites\inc\lib\zipwp-images\classes\zipwp-images-api.php on line 473
[06-Jul-2024 12:37:51 UTC] PHP Warning:  Undefined array key 1 in C:\Users\home\Local Sites\borgar\app\public\wp-content\plugins\astra-sites\inc\lib\zipwp-images\classes\zipwp-images-api.php on line 473
[06-Jul-2024 12:37:51 UTC] PHP Warning:  Undefined array key 1 in C:\Users\home\Local Sites\borgar\app\public\wp-content\plugins\astra-sites\inc\lib\zipwp-images\classes\zipwp-images-api.php on line 473
[06-Jul-2024 12:37:51 UTC] PHP Warning:  Undefined array key 1 in C:\Users\home\Local Sites\borgar\app\public\wp-content\plugins\astra-sites\inc\lib\zipwp-images\classes\zipwp-images-api.php on line 473
[06-Jul-2024 12:37:53 UTC] PHP Warning:  Undefined array key 1 in C:\Users\home\Local Sites\borgar\app\public\wp-content\plugins\astra-sites\inc\lib\zipwp-images\classes\zipwp-images-api.php on line 473
[06-Jul-2024 12:37:53 UTC] PHP Warning:  Undefined array key 1 in C:\Users\home\Local Sites\borgar\app\public\wp-content\plugins\astra-sites\inc\lib\zipwp-images\classes\zipwp-images-api.php on line 473
[06-Jul-2024 12:37:53 UTC] PHP Warning:  Undefined array key 1 in C:\Users\home\Local Sites\borgar\app\public\wp-content\plugins\astra-sites\inc\lib\zipwp-images\classes\zipwp-images-api.php on line 473
[06-Jul-2024 12:37:53 UTC] PHP Warning:  Undefined array key 1 in C:\Users\home\Local Sites\borgar\app\public\wp-content\plugins\astra-sites\inc\lib\zipwp-images\classes\zipwp-images-api.php on line 473
[06-Jul-2024 12:37:53 UTC] PHP Warning:  Undefined array key 1 in C:\Users\home\Local Sites\borgar\app\public\wp-content\plugins\astra-sites\inc\lib\zipwp-images\classes\zipwp-images-api.php on line 473
[06-Jul-2024 12:37:53 UTC] PHP Warning:  Undefined array key 1 in C:\Users\home\Local Sites\borgar\app\public\wp-content\plugins\astra-sites\inc\lib\zipwp-images\classes\zipwp-images-api.php on line 473
[06-Jul-2024 12:37:53 UTC] PHP Warning:  Undefined array key 1 in C:\Users\home\Local Sites\borgar\app\public\wp-content\plugins\astra-sites\inc\lib\zipwp-images\classes\zipwp-images-api.php on line 473
[06-Jul-2024 12:37:53 UTC] PHP Warning:  Undefined array key 1 in C:\Users\home\Local Sites\borgar\app\public\wp-content\plugins\astra-sites\inc\lib\zipwp-images\classes\zipwp-images-api.php on line 473
[06-Jul-2024 12:37:53 UTC] PHP Warning:  Undefined array key 1 in C:\Users\home\Local Sites\borgar\app\public\wp-content\plugins\astra-sites\inc\lib\zipwp-images\classes\zipwp-images-api.php on line 473
[06-Jul-2024 12:37:53 UTC] PHP Warning:  Undefined array key 1 in C:\Users\home\Local Sites\borgar\app\public\wp-content\plugins\astra-sites\inc\lib\zipwp-images\classes\zipwp-images-api.php on line 473
[06-Jul-2024 12:37:53 UTC] PHP Warning:  Undefined array key 1 in C:\Users\home\Local Sites\borgar\app\public\wp-content\plugins\astra-sites\inc\lib\zipwp-images\classes\zipwp-images-api.php on line 473
[06-Jul-2024 12:37:53 UTC] PHP Warning:  Undefined array key 1 in C:\Users\home\Local Sites\borgar\app\public\wp-content\plugins\astra-sites\inc\lib\zipwp-images\classes\zipwp-images-api.php on line 473
[06-Jul-2024 12:37:53 UTC] PHP Warning:  Undefined array key 1 in C:\Users\home\Local Sites\borgar\app\public\wp-content\plugins\astra-sites\inc\lib\zipwp-images\classes\zipwp-images-api.php on line 473
[06-Jul-2024 12:37:53 UTC] PHP Warning:  Undefined array key 1 in C:\Users\home\Local Sites\borgar\app\public\wp-content\plugins\astra-sites\inc\lib\zipwp-images\classes\zipwp-images-api.php on line 473
[06-Jul-2024 12:37:53 UTC] PHP Warning:  Undefined array key 1 in C:\Users\home\Local Sites\borgar\app\public\wp-content\plugins\astra-sites\inc\lib\zipwp-images\classes\zipwp-images-api.php on line 473
[06-Jul-2024 12:37:53 UTC] PHP Warning:  Undefined array key 1 in C:\Users\home\Local Sites\borgar\app\public\wp-content\plugins\astra-sites\inc\lib\zipwp-images\classes\zipwp-images-api.php on line 473
[06-Jul-2024 12:37:53 UTC] PHP Warning:  Undefined array key 1 in C:\Users\home\Local Sites\borgar\app\public\wp-content\plugins\astra-sites\inc\lib\zipwp-images\classes\zipwp-images-api.php on line 473
[06-Jul-2024 12:37:53 UTC] PHP Warning:  Undefined array key 1 in C:\Users\home\Local Sites\borgar\app\public\wp-content\plugins\astra-sites\inc\lib\zipwp-images\classes\zipwp-images-api.php on line 473
[06-Jul-2024 12:37:53 UTC] PHP Warning:  Undefined array key 1 in C:\Users\home\Local Sites\borgar\app\public\wp-content\plugins\astra-sites\inc\lib\zipwp-images\classes\zipwp-images-api.php on line 473
[06-Jul-2024 12:37:53 UTC] PHP Warning:  Undefined array key 1 in C:\Users\home\Local Sites\borgar\app\public\wp-content\plugins\astra-sites\inc\lib\zipwp-images\classes\zipwp-images-api.php on line 473
[06-Jul-2024 12:37:53 UTC] PHP Warning:  Undefined array key 1 in C:\Users\home\Local Sites\borgar\app\public\wp-content\plugins\astra-sites\inc\lib\zipwp-images\classes\zipwp-images-api.php on line 473
[06-Jul-2024 12:37:53 UTC] PHP Warning:  Undefined array key 1 in C:\Users\home\Local Sites\borgar\app\public\wp-content\plugins\astra-sites\inc\lib\zipwp-images\classes\zipwp-images-api.php on line 473
[06-Jul-2024 12:37:53 UTC] PHP Warning:  Undefined array key 1 in C:\Users\home\Local Sites\borgar\app\public\wp-content\plugins\astra-sites\inc\lib\zipwp-images\classes\zipwp-images-api.php on line 473
[06-Jul-2024 12:37:53 UTC] PHP Warning:  Undefined array key 1 in C:\Users\home\Local Sites\borgar\app\public\wp-content\plugins\astra-sites\inc\lib\zipwp-images\classes\zipwp-images-api.php on line 473
[06-Jul-2024 12:37:53 UTC] PHP Warning:  Undefined array key 1 in C:\Users\home\Local Sites\borgar\app\public\wp-content\plugins\astra-sites\inc\lib\zipwp-images\classes\zipwp-images-api.php on line 473
[06-Jul-2024 12:37:53 UTC] PHP Warning:  Undefined array key 1 in C:\Users\home\Local Sites\borgar\app\public\wp-content\plugins\astra-sites\inc\lib\zipwp-images\classes\zipwp-images-api.php on line 473
[06-Jul-2024 12:37:53 UTC] PHP Warning:  Undefined array key 1 in C:\Users\home\Local Sites\borgar\app\public\wp-content\plugins\astra-sites\inc\lib\zipwp-images\classes\zipwp-images-api.php on line 473
[06-Jul-2024 12:37:53 UTC] PHP Warning:  Undefined array key 1 in C:\Users\home\Local Sites\borgar\app\public\wp-content\plugins\astra-sites\inc\lib\zipwp-images\classes\zipwp-images-api.php on line 473
[06-Jul-2024 12:37:53 UTC] PHP Warning:  Undefined array key 1 in C:\Users\home\Local Sites\borgar\app\public\wp-content\plugins\astra-sites\inc\lib\zipwp-images\classes\zipwp-images-api.php on line 473
[06-Jul-2024 12:37:53 UTC] PHP Warning:  Undefined array key 1 in C:\Users\home\Local Sites\borgar\app\public\wp-content\plugins\astra-sites\inc\lib\zipwp-images\classes\zipwp-images-api.php on line 473
[06-Jul-2024 12:37:53 UTC] PHP Warning:  Undefined array key 1 in C:\Users\home\Local Sites\borgar\app\public\wp-content\plugins\astra-sites\inc\lib\zipwp-images\classes\zipwp-images-api.php on line 473
[06-Jul-2024 12:37:53 UTC] PHP Warning:  Undefined array key 1 in C:\Users\home\Local Sites\borgar\app\public\wp-content\plugins\astra-sites\inc\lib\zipwp-images\classes\zipwp-images-api.php on line 473
[06-Jul-2024 12:37:53 UTC] PHP Warning:  Undefined array key 1 in C:\Users\home\Local Sites\borgar\app\public\wp-content\plugins\astra-sites\inc\lib\zipwp-images\classes\zipwp-images-api.php on line 473
[06-Jul-2024 12:37:53 UTC] PHP Warning:  Undefined array key 1 in C:\Users\home\Local Sites\borgar\app\public\wp-content\plugins\astra-sites\inc\lib\zipwp-images\classes\zipwp-images-api.php on line 473
[06-Jul-2024 12:37:53 UTC] PHP Warning:  Undefined array key 1 in C:\Users\home\Local Sites\borgar\app\public\wp-content\plugins\astra-sites\inc\lib\zipwp-images\classes\zipwp-images-api.php on line 473
[06-Jul-2024 12:37:53 UTC] PHP Warning:  Undefined array key 1 in C:\Users\home\Local Sites\borgar\app\public\wp-content\plugins\astra-sites\inc\lib\zipwp-images\classes\zipwp-images-api.php on line 473
[06-Jul-2024 12:37:53 UTC] PHP Warning:  Undefined array key 1 in C:\Users\home\Local Sites\borgar\app\public\wp-content\plugins\astra-sites\inc\lib\zipwp-images\classes\zipwp-images-api.php on line 473
[06-Jul-2024 12:37:53 UTC] PHP Warning:  Undefined array key 1 in C:\Users\home\Local Sites\borgar\app\public\wp-content\plugins\astra-sites\inc\lib\zipwp-images\classes\zipwp-images-api.php on line 473
[06-Jul-2024 12:37:53 UTC] PHP Warning:  Undefined array key 1 in C:\Users\home\Local Sites\borgar\app\public\wp-content\plugins\astra-sites\inc\lib\zipwp-images\classes\zipwp-images-api.php on line 473
[06-Jul-2024 12:37:53 UTC] PHP Warning:  Undefined array key 1 in C:\Users\home\Local Sites\borgar\app\public\wp-content\plugins\astra-sites\inc\lib\zipwp-images\classes\zipwp-images-api.php on line 473
[06-Jul-2024 12:47:43 UTC] PHP Warning:  Undefined array key 1 in C:\Users\home\Local Sites\borgar\app\public\wp-content\plugins\astra-sites\inc\lib\zipwp-images\classes\zipwp-images-api.php on line 473
[06-Jul-2024 12:47:43 UTC] PHP Warning:  Undefined array key 1 in C:\Users\home\Local Sites\borgar\app\public\wp-content\plugins\astra-sites\inc\lib\zipwp-images\classes\zipwp-images-api.php on line 473
[06-Jul-2024 12:47:43 UTC] PHP Warning:  Undefined array key 1 in C:\Users\home\Local Sites\borgar\app\public\wp-content\plugins\astra-sites\inc\lib\zipwp-images\classes\zipwp-images-api.php on line 473
[06-Jul-2024 12:47:43 UTC] PHP Warning:  Undefined array key 1 in C:\Users\home\Local Sites\borgar\app\public\wp-content\plugins\astra-sites\inc\lib\zipwp-images\classes\zipwp-images-api.php on line 473
[06-Jul-2024 12:47:43 UTC] PHP Warning:  Undefined array key 1 in C:\Users\home\Local Sites\borgar\app\public\wp-content\plugins\astra-sites\inc\lib\zipwp-images\classes\zipwp-images-api.php on line 473
[06-Jul-2024 12:47:43 UTC] PHP Warning:  Undefined array key 1 in C:\Users\home\Local Sites\borgar\app\public\wp-content\plugins\astra-sites\inc\lib\zipwp-images\classes\zipwp-images-api.php on line 473
[06-Jul-2024 12:47:43 UTC] PHP Warning:  Undefined array key 1 in C:\Users\home\Local Sites\borgar\app\public\wp-content\plugins\astra-sites\inc\lib\zipwp-images\classes\zipwp-images-api.php on line 473
[06-Jul-2024 12:47:43 UTC] PHP Warning:  Undefined array key 1 in C:\Users\home\Local Sites\borgar\app\public\wp-content\plugins\astra-sites\inc\lib\zipwp-images\classes\zipwp-images-api.php on line 473
[06-Jul-2024 12:47:43 UTC] PHP Warning:  Undefined array key 1 in C:\Users\home\Local Sites\borgar\app\public\wp-content\plugins\astra-sites\inc\lib\zipwp-images\classes\zipwp-images-api.php on line 473
[06-Jul-2024 12:47:43 UTC] PHP Warning:  Undefined array key 1 in C:\Users\home\Local Sites\borgar\app\public\wp-content\plugins\astra-sites\inc\lib\zipwp-images\classes\zipwp-images-api.php on line 473
[06-Jul-2024 12:47:43 UTC] PHP Warning:  Undefined array key 1 in C:\Users\home\Local Sites\borgar\app\public\wp-content\plugins\astra-sites\inc\lib\zipwp-images\classes\zipwp-images-api.php on line 473
[06-Jul-2024 12:47:43 UTC] PHP Warning:  Undefined array key 1 in C:\Users\home\Local Sites\borgar\app\public\wp-content\plugins\astra-sites\inc\lib\zipwp-images\classes\zipwp-images-api.php on line 473
[06-Jul-2024 12:47:43 UTC] PHP Warning:  Undefined array key 1 in C:\Users\home\Local Sites\borgar\app\public\wp-content\plugins\astra-sites\inc\lib\zipwp-images\classes\zipwp-images-api.php on line 473
[06-Jul-2024 12:47:43 UTC] PHP Warning:  Undefined array key 1 in C:\Users\home\Local Sites\borgar\app\public\wp-content\plugins\astra-sites\inc\lib\zipwp-images\classes\zipwp-images-api.php on line 473
[06-Jul-2024 12:47:43 UTC] PHP Warning:  Undefined array key 1 in C:\Users\home\Local Sites\borgar\app\public\wp-content\plugins\astra-sites\inc\lib\zipwp-images\classes\zipwp-images-api.php on line 473
[06-Jul-2024 12:47:43 UTC] PHP Warning:  Undefined array key 1 in C:\Users\home\Local Sites\borgar\app\public\wp-content\plugins\astra-sites\inc\lib\zipwp-images\classes\zipwp-images-api.php on line 473
[06-Jul-2024 12:47:43 UTC] PHP Warning:  Undefined array key 1 in C:\Users\home\Local Sites\borgar\app\public\wp-content\plugins\astra-sites\inc\lib\zipwp-images\classes\zipwp-images-api.php on line 473
[06-Jul-2024 12:47:43 UTC] PHP Warning:  Undefined array key 1 in C:\Users\home\Local Sites\borgar\app\public\wp-content\plugins\astra-sites\inc\lib\zipwp-images\classes\zipwp-images-api.php on line 473
[06-Jul-2024 12:47:43 UTC] PHP Warning:  Undefined array key 1 in C:\Users\home\Local Sites\borgar\app\public\wp-content\plugins\astra-sites\inc\lib\zipwp-images\classes\zipwp-images-api.php on line 473
[06-Jul-2024 12:47:43 UTC] PHP Warning:  Undefined array key 1 in C:\Users\home\Local Sites\borgar\app\public\wp-content\plugins\astra-sites\inc\lib\zipwp-images\classes\zipwp-images-api.php on line 473
[06-Jul-2024 12:47:44 UTC] PHP Warning:  Undefined array key 1 in C:\Users\home\Local Sites\borgar\app\public\wp-content\plugins\astra-sites\inc\lib\zipwp-images\classes\zipwp-images-api.php on line 473
[06-Jul-2024 12:47:44 UTC] PHP Warning:  Undefined array key 1 in C:\Users\home\Local Sites\borgar\app\public\wp-content\plugins\astra-sites\inc\lib\zipwp-images\classes\zipwp-images-api.php on line 473
[06-Jul-2024 12:47:44 UTC] PHP Warning:  Undefined array key 1 in C:\Users\home\Local Sites\borgar\app\public\wp-content\plugins\astra-sites\inc\lib\zipwp-images\classes\zipwp-images-api.php on line 473
[06-Jul-2024 12:47:44 UTC] PHP Warning:  Undefined array key 1 in C:\Users\home\Local Sites\borgar\app\public\wp-content\plugins\astra-sites\inc\lib\zipwp-images\classes\zipwp-images-api.php on line 473
[06-Jul-2024 12:47:44 UTC] PHP Warning:  Undefined array key 1 in C:\Users\home\Local Sites\borgar\app\public\wp-content\plugins\astra-sites\inc\lib\zipwp-images\classes\zipwp-images-api.php on line 473
[06-Jul-2024 12:47:44 UTC] PHP Warning:  Undefined array key 1 in C:\Users\home\Local Sites\borgar\app\public\wp-content\plugins\astra-sites\inc\lib\zipwp-images\classes\zipwp-images-api.php on line 473
[06-Jul-2024 12:47:44 UTC] PHP Warning:  Undefined array key 1 in C:\Users\home\Local Sites\borgar\app\public\wp-content\plugins\astra-sites\inc\lib\zipwp-images\classes\zipwp-images-api.php on line 473
[06-Jul-2024 12:47:44 UTC] PHP Warning:  Undefined array key 1 in C:\Users\home\Local Sites\borgar\app\public\wp-content\plugins\astra-sites\inc\lib\zipwp-images\classes\zipwp-images-api.php on line 473
[06-Jul-2024 12:47:44 UTC] PHP Warning:  Undefined array key 1 in C:\Users\home\Local Sites\borgar\app\public\wp-content\plugins\astra-sites\inc\lib\zipwp-images\classes\zipwp-images-api.php on line 473
[06-Jul-2024 12:47:44 UTC] PHP Warning:  Undefined array key 1 in C:\Users\home\Local Sites\borgar\app\public\wp-content\plugins\astra-sites\inc\lib\zipwp-images\classes\zipwp-images-api.php on line 473
[06-Jul-2024 12:47:44 UTC] PHP Warning:  Undefined array key 1 in C:\Users\home\Local Sites\borgar\app\public\wp-content\plugins\astra-sites\inc\lib\zipwp-images\classes\zipwp-images-api.php on line 473
[06-Jul-2024 12:47:45 UTC] PHP Warning:  Undefined array key 1 in C:\Users\home\Local Sites\borgar\app\public\wp-content\plugins\astra-sites\inc\lib\zipwp-images\classes\zipwp-images-api.php on line 473
[06-Jul-2024 12:47:45 UTC] PHP Warning:  Undefined array key 1 in C:\Users\home\Local Sites\borgar\app\public\wp-content\plugins\astra-sites\inc\lib\zipwp-images\classes\zipwp-images-api.php on line 473
[06-Jul-2024 12:47:45 UTC] PHP Warning:  Undefined array key 1 in C:\Users\home\Local Sites\borgar\app\public\wp-content\plugins\astra-sites\inc\lib\zipwp-images\classes\zipwp-images-api.php on line 473
[06-Jul-2024 12:47:45 UTC] PHP Warning:  Undefined array key 1 in C:\Users\home\Local Sites\borgar\app\public\wp-content\plugins\astra-sites\inc\lib\zipwp-images\classes\zipwp-images-api.php on line 473
[06-Jul-2024 12:47:45 UTC] PHP Warning:  Undefined array key 1 in C:\Users\home\Local Sites\borgar\app\public\wp-content\plugins\astra-sites\inc\lib\zipwp-images\classes\zipwp-images-api.php on line 473
[06-Jul-2024 12:47:45 UTC] PHP Warning:  Undefined array key 1 in C:\Users\home\Local Sites\borgar\app\public\wp-content\plugins\astra-sites\inc\lib\zipwp-images\classes\zipwp-images-api.php on line 473
[06-Jul-2024 12:47:45 UTC] PHP Warning:  Undefined array key 1 in C:\Users\home\Local Sites\borgar\app\public\wp-content\plugins\astra-sites\inc\lib\zipwp-images\classes\zipwp-images-api.php on line 473
[06-Jul-2024 12:47:45 UTC] PHP Warning:  Undefined array key 1 in C:\Users\home\Local Sites\borgar\app\public\wp-content\plugins\astra-sites\inc\lib\zipwp-images\classes\zipwp-images-api.php on line 473
[06-Jul-2024 12:47:45 UTC] PHP Warning:  Undefined array key 1 in C:\Users\home\Local Sites\borgar\app\public\wp-content\plugins\astra-sites\inc\lib\zipwp-images\classes\zipwp-images-api.php on line 473
[06-Jul-2024 12:47:45 UTC] PHP Warning:  Undefined array key 1 in C:\Users\home\Local Sites\borgar\app\public\wp-content\plugins\astra-sites\inc\lib\zipwp-images\classes\zipwp-images-api.php on line 473
[06-Jul-2024 12:47:45 UTC] PHP Warning:  Undefined array key 1 in C:\Users\home\Local Sites\borgar\app\public\wp-content\plugins\astra-sites\inc\lib\zipwp-images\classes\zipwp-images-api.php on line 473
[06-Jul-2024 12:47:45 UTC] PHP Warning:  Undefined array key 1 in C:\Users\home\Local Sites\borgar\app\public\wp-content\plugins\astra-sites\inc\lib\zipwp-images\classes\zipwp-images-api.php on line 473
[06-Jul-2024 12:47:45 UTC] PHP Warning:  Undefined array key 1 in C:\Users\home\Local Sites\borgar\app\public\wp-content\plugins\astra-sites\inc\lib\zipwp-images\classes\zipwp-images-api.php on line 473
[06-Jul-2024 12:47:45 UTC] PHP Warning:  Undefined array key 1 in C:\Users\home\Local Sites\borgar\app\public\wp-content\plugins\astra-sites\inc\lib\zipwp-images\classes\zipwp-images-api.php on line 473
[06-Jul-2024 12:47:45 UTC] PHP Warning:  Undefined array key 1 in C:\Users\home\Local Sites\borgar\app\public\wp-content\plugins\astra-sites\inc\lib\zipwp-images\classes\zipwp-images-api.php on line 473
[06-Jul-2024 12:47:45 UTC] PHP Warning:  Undefined array key 1 in C:\Users\home\Local Sites\borgar\app\public\wp-content\plugins\astra-sites\inc\lib\zipwp-images\classes\zipwp-images-api.php on line 473
[06-Jul-2024 12:47:45 UTC] PHP Warning:  Undefined array key 1 in C:\Users\home\Local Sites\borgar\app\public\wp-content\plugins\astra-sites\inc\lib\zipwp-images\classes\zipwp-images-api.php on line 473
[06-Jul-2024 12:47:45 UTC] PHP Warning:  Undefined array key 1 in C:\Users\home\Local Sites\borgar\app\public\wp-content\plugins\astra-sites\inc\lib\zipwp-images\classes\zipwp-images-api.php on line 473
[06-Jul-2024 12:47:45 UTC] PHP Warning:  Undefined array key 1 in C:\Users\home\Local Sites\borgar\app\public\wp-content\plugins\astra-sites\inc\lib\zipwp-images\classes\zipwp-images-api.php on line 473
[06-Jul-2024 12:47:45 UTC] PHP Warning:  Undefined array key 1 in C:\Users\home\Local Sites\borgar\app\public\wp-content\plugins\astra-sites\inc\lib\zipwp-images\classes\zipwp-images-api.php on line 473
[06-Jul-2024 12:49:40 UTC] PHP Warning:  Undefined array key 1 in C:\Users\home\Local Sites\borgar\app\public\wp-content\plugins\astra-sites\inc\lib\zipwp-images\classes\zipwp-images-api.php on line 473
[06-Jul-2024 12:49:40 UTC] PHP Warning:  Undefined array key 1 in C:\Users\home\Local Sites\borgar\app\public\wp-content\plugins\astra-sites\inc\lib\zipwp-images\classes\zipwp-images-api.php on line 473
[06-Jul-2024 12:49:40 UTC] PHP Warning:  Undefined array key 1 in C:\Users\home\Local Sites\borgar\app\public\wp-content\plugins\astra-sites\inc\lib\zipwp-images\classes\zipwp-images-api.php on line 473
[06-Jul-2024 12:49:40 UTC] PHP Warning:  Undefined array key 1 in C:\Users\home\Local Sites\borgar\app\public\wp-content\plugins\astra-sites\inc\lib\zipwp-images\classes\zipwp-images-api.php on line 473
[06-Jul-2024 12:49:40 UTC] PHP Warning:  Undefined array key 1 in C:\Users\home\Local Sites\borgar\app\public\wp-content\plugins\astra-sites\inc\lib\zipwp-images\classes\zipwp-images-api.php on line 473
[06-Jul-2024 12:49:40 UTC] PHP Warning:  Undefined array key 1 in C:\Users\home\Local Sites\borgar\app\public\wp-content\plugins\astra-sites\inc\lib\zipwp-images\classes\zipwp-images-api.php on line 473
[06-Jul-2024 12:49:40 UTC] PHP Warning:  Undefined array key 1 in C:\Users\home\Local Sites\borgar\app\public\wp-content\plugins\astra-sites\inc\lib\zipwp-images\classes\zipwp-images-api.php on line 473
[06-Jul-2024 12:49:40 UTC] PHP Warning:  Undefined array key 1 in C:\Users\home\Local Sites\borgar\app\public\wp-content\plugins\astra-sites\inc\lib\zipwp-images\classes\zipwp-images-api.php on line 473
[06-Jul-2024 12:49:40 UTC] PHP Warning:  Undefined array key 1 in C:\Users\home\Local Sites\borgar\app\public\wp-content\plugins\astra-sites\inc\lib\zipwp-images\classes\zipwp-images-api.php on line 473
[06-Jul-2024 12:49:40 UTC] PHP Warning:  Undefined array key 1 in C:\Users\home\Local Sites\borgar\app\public\wp-content\plugins\astra-sites\inc\lib\zipwp-images\classes\zipwp-images-api.php on line 473
[06-Jul-2024 12:49:40 UTC] PHP Warning:  Undefined array key 1 in C:\Users\home\Local Sites\borgar\app\public\wp-content\plugins\astra-sites\inc\lib\zipwp-images\classes\zipwp-images-api.php on line 473
[06-Jul-2024 12:49:40 UTC] PHP Warning:  Undefined array key 1 in C:\Users\home\Local Sites\borgar\app\public\wp-content\plugins\astra-sites\inc\lib\zipwp-images\classes\zipwp-images-api.php on line 473
[06-Jul-2024 12:49:40 UTC] PHP Warning:  Undefined array key 1 in C:\Users\home\Local Sites\borgar\app\public\wp-content\plugins\astra-sites\inc\lib\zipwp-images\classes\zipwp-images-api.php on line 473
[06-Jul-2024 12:49:40 UTC] PHP Warning:  Undefined array key 1 in C:\Users\home\Local Sites\borgar\app\public\wp-content\plugins\astra-sites\inc\lib\zipwp-images\classes\zipwp-images-api.php on line 473
[06-Jul-2024 12:49:40 UTC] PHP Warning:  Undefined array key 1 in C:\Users\home\Local Sites\borgar\app\public\wp-content\plugins\astra-sites\inc\lib\zipwp-images\classes\zipwp-images-api.php on line 473
[06-Jul-2024 12:49:40 UTC] PHP Warning:  Undefined array key 1 in C:\Users\home\Local Sites\borgar\app\public\wp-content\plugins\astra-sites\inc\lib\zipwp-images\classes\zipwp-images-api.php on line 473
[06-Jul-2024 12:49:40 UTC] PHP Warning:  Undefined array key 1 in C:\Users\home\Local Sites\borgar\app\public\wp-content\plugins\astra-sites\inc\lib\zipwp-images\classes\zipwp-images-api.php on line 473
[06-Jul-2024 12:49:40 UTC] PHP Warning:  Undefined array key 1 in C:\Users\home\Local Sites\borgar\app\public\wp-content\plugins\astra-sites\inc\lib\zipwp-images\classes\zipwp-images-api.php on line 473
[06-Jul-2024 12:49:40 UTC] PHP Warning:  Undefined array key 1 in C:\Users\home\Local Sites\borgar\app\public\wp-content\plugins\astra-sites\inc\lib\zipwp-images\classes\zipwp-images-api.php on line 473
[06-Jul-2024 12:49:40 UTC] PHP Warning:  Undefined array key 1 in C:\Users\home\Local Sites\borgar\app\public\wp-content\plugins\astra-sites\inc\lib\zipwp-images\classes\zipwp-images-api.php on line 473
[06-Jul-2024 12:49:40 UTC] PHP Warning:  Undefined array key 1 in C:\Users\home\Local Sites\borgar\app\public\wp-content\plugins\astra-sites\inc\lib\zipwp-images\classes\zipwp-images-api.php on line 473
[06-Jul-2024 12:49:40 UTC] PHP Warning:  Undefined array key 1 in C:\Users\home\Local Sites\borgar\app\public\wp-content\plugins\astra-sites\inc\lib\zipwp-images\classes\zipwp-images-api.php on line 473
[06-Jul-2024 12:49:40 UTC] PHP Warning:  Undefined array key 1 in C:\Users\home\Local Sites\borgar\app\public\wp-content\plugins\astra-sites\inc\lib\zipwp-images\classes\zipwp-images-api.php on line 473
[06-Jul-2024 12:49:40 UTC] PHP Warning:  Undefined array key 1 in C:\Users\home\Local Sites\borgar\app\public\wp-content\plugins\astra-sites\inc\lib\zipwp-images\classes\zipwp-images-api.php on line 473
[06-Jul-2024 12:49:40 UTC] PHP Warning:  Undefined array key 1 in C:\Users\home\Local Sites\borgar\app\public\wp-content\plugins\astra-sites\inc\lib\zipwp-images\classes\zipwp-images-api.php on line 473
[06-Jul-2024 12:49:40 UTC] PHP Warning:  Undefined array key 1 in C:\Users\home\Local Sites\borgar\app\public\wp-content\plugins\astra-sites\inc\lib\zipwp-images\classes\zipwp-images-api.php on line 473
[06-Jul-2024 12:49:40 UTC] PHP Warning:  Undefined array key 1 in C:\Users\home\Local Sites\borgar\app\public\wp-content\plugins\astra-sites\inc\lib\zipwp-images\classes\zipwp-images-api.php on line 473
[06-Jul-2024 12:49:40 UTC] PHP Warning:  Undefined array key 1 in C:\Users\home\Local Sites\borgar\app\public\wp-content\plugins\astra-sites\inc\lib\zipwp-images\classes\zipwp-images-api.php on line 473
[06-Jul-2024 12:49:40 UTC] PHP Warning:  Undefined array key 1 in C:\Users\home\Local Sites\borgar\app\public\wp-content\plugins\astra-sites\inc\lib\zipwp-images\classes\zipwp-images-api.php on line 473
[06-Jul-2024 12:49:40 UTC] PHP Warning:  Undefined array key 1 in C:\Users\home\Local Sites\borgar\app\public\wp-content\plugins\astra-sites\inc\lib\zipwp-images\classes\zipwp-images-api.php on line 473
[06-Jul-2024 12:49:40 UTC] PHP Warning:  Undefined array key 1 in C:\Users\home\Local Sites\borgar\app\public\wp-content\plugins\astra-sites\inc\lib\zipwp-images\classes\zipwp-images-api.php on line 473
[06-Jul-2024 12:49:40 UTC] PHP Warning:  Undefined array key 1 in C:\Users\home\Local Sites\borgar\app\public\wp-content\plugins\astra-sites\inc\lib\zipwp-images\classes\zipwp-images-api.php on line 473
[06-Jul-2024 12:49:40 UTC] PHP Warning:  Undefined array key 1 in C:\Users\home\Local Sites\borgar\app\public\wp-content\plugins\astra-sites\inc\lib\zipwp-images\classes\zipwp-images-api.php on line 473
[06-Jul-2024 12:49:40 UTC] PHP Warning:  Undefined array key 1 in C:\Users\home\Local Sites\borgar\app\public\wp-content\plugins\astra-sites\inc\lib\zipwp-images\classes\zipwp-images-api.php on line 473
[06-Jul-2024 12:49:40 UTC] PHP Warning:  Undefined array key 1 in C:\Users\home\Local Sites\borgar\app\public\wp-content\plugins\astra-sites\inc\lib\zipwp-images\classes\zipwp-images-api.php on line 473
[06-Jul-2024 12:49:40 UTC] PHP Warning:  Undefined array key 1 in C:\Users\home\Local Sites\borgar\app\public\wp-content\plugins\astra-sites\inc\lib\zipwp-images\classes\zipwp-images-api.php on line 473
[06-Jul-2024 12:49:40 UTC] PHP Warning:  Undefined array key 1 in C:\Users\home\Local Sites\borgar\app\public\wp-content\plugins\astra-sites\inc\lib\zipwp-images\classes\zipwp-images-api.php on line 473
[06-Jul-2024 12:49:40 UTC] PHP Warning:  Undefined array key 1 in C:\Users\home\Local Sites\borgar\app\public\wp-content\plugins\astra-sites\inc\lib\zipwp-images\classes\zipwp-images-api.php on line 473
[06-Jul-2024 12:49:40 UTC] PHP Warning:  Undefined array key 1 in C:\Users\home\Local Sites\borgar\app\public\wp-content\plugins\astra-sites\inc\lib\zipwp-images\classes\zipwp-images-api.php on line 473
[06-Jul-2024 12:49:40 UTC] PHP Warning:  Undefined array key 1 in C:\Users\home\Local Sites\borgar\app\public\wp-content\plugins\astra-sites\inc\lib\zipwp-images\classes\zipwp-images-api.php on line 473
[06-Jul-2024 12:49:42 UTC] PHP Warning:  Undefined array key 1 in C:\Users\home\Local Sites\borgar\app\public\wp-content\plugins\astra-sites\inc\lib\zipwp-images\classes\zipwp-images-api.php on line 473
[06-Jul-2024 12:49:42 UTC] PHP Warning:  Undefined array key 1 in C:\Users\home\Local Sites\borgar\app\public\wp-content\plugins\astra-sites\inc\lib\zipwp-images\classes\zipwp-images-api.php on line 473
[06-Jul-2024 12:49:42 UTC] PHP Warning:  Undefined array key 1 in C:\Users\home\Local Sites\borgar\app\public\wp-content\plugins\astra-sites\inc\lib\zipwp-images\classes\zipwp-images-api.php on line 473
[06-Jul-2024 12:49:42 UTC] PHP Warning:  Undefined array key 1 in C:\Users\home\Local Sites\borgar\app\public\wp-content\plugins\astra-sites\inc\lib\zipwp-images\classes\zipwp-images-api.php on line 473
[06-Jul-2024 12:49:42 UTC] PHP Warning:  Undefined array key 1 in C:\Users\home\Local Sites\borgar\app\public\wp-content\plugins\astra-sites\inc\lib\zipwp-images\classes\zipwp-images-api.php on line 473
[06-Jul-2024 12:49:42 UTC] PHP Warning:  Undefined array key 1 in C:\Users\home\Local Sites\borgar\app\public\wp-content\plugins\astra-sites\inc\lib\zipwp-images\classes\zipwp-images-api.php on line 473
[06-Jul-2024 12:49:42 UTC] PHP Warning:  Undefined array key 1 in C:\Users\home\Local Sites\borgar\app\public\wp-content\plugins\astra-sites\inc\lib\zipwp-images\classes\zipwp-images-api.php on line 473
[06-Jul-2024 12:49:42 UTC] PHP Warning:  Undefined array key 1 in C:\Users\home\Local Sites\borgar\app\public\wp-content\plugins\astra-sites\inc\lib\zipwp-images\classes\zipwp-images-api.php on line 473
[06-Jul-2024 12:49:42 UTC] PHP Warning:  Undefined array key 1 in C:\Users\home\Local Sites\borgar\app\public\wp-content\plugins\astra-sites\inc\lib\zipwp-images\classes\zipwp-images-api.php on line 473
[06-Jul-2024 12:49:42 UTC] PHP Warning:  Undefined array key 1 in C:\Users\home\Local Sites\borgar\app\public\wp-content\plugins\astra-sites\inc\lib\zipwp-images\classes\zipwp-images-api.php on line 473
[06-Jul-2024 12:49:42 UTC] PHP Warning:  Undefined array key 1 in C:\Users\home\Local Sites\borgar\app\public\wp-content\plugins\astra-sites\inc\lib\zipwp-images\classes\zipwp-images-api.php on line 473
[06-Jul-2024 12:49:42 UTC] PHP Warning:  Undefined array key 1 in C:\Users\home\Local Sites\borgar\app\public\wp-content\plugins\astra-sites\inc\lib\zipwp-images\classes\zipwp-images-api.php on line 473
[06-Jul-2024 12:49:42 UTC] PHP Warning:  Undefined array key 1 in C:\Users\home\Local Sites\borgar\app\public\wp-content\plugins\astra-sites\inc\lib\zipwp-images\classes\zipwp-images-api.php on line 473
[06-Jul-2024 12:49:42 UTC] PHP Warning:  Undefined array key 1 in C:\Users\home\Local Sites\borgar\app\public\wp-content\plugins\astra-sites\inc\lib\zipwp-images\classes\zipwp-images-api.php on line 473
[06-Jul-2024 12:49:42 UTC] PHP Warning:  Undefined array key 1 in C:\Users\home\Local Sites\borgar\app\public\wp-content\plugins\astra-sites\inc\lib\zipwp-images\classes\zipwp-images-api.php on line 473
[06-Jul-2024 12:49:42 UTC] PHP Warning:  Undefined array key 1 in C:\Users\home\Local Sites\borgar\app\public\wp-content\plugins\astra-sites\inc\lib\zipwp-images\classes\zipwp-images-api.php on line 473
[06-Jul-2024 12:49:42 UTC] PHP Warning:  Undefined array key 1 in C:\Users\home\Local Sites\borgar\app\public\wp-content\plugins\astra-sites\inc\lib\zipwp-images\classes\zipwp-images-api.php on line 473
[06-Jul-2024 12:49:42 UTC] PHP Warning:  Undefined array key 1 in C:\Users\home\Local Sites\borgar\app\public\wp-content\plugins\astra-sites\inc\lib\zipwp-images\classes\zipwp-images-api.php on line 473
[06-Jul-2024 12:49:42 UTC] PHP Warning:  Undefined array key 1 in C:\Users\home\Local Sites\borgar\app\public\wp-content\plugins\astra-sites\inc\lib\zipwp-images\classes\zipwp-images-api.php on line 473
[06-Jul-2024 12:49:42 UTC] PHP Warning:  Undefined array key 1 in C:\Users\home\Local Sites\borgar\app\public\wp-content\plugins\astra-sites\inc\lib\zipwp-images\classes\zipwp-images-api.php on line 473
[06-Jul-2024 12:49:42 UTC] PHP Warning:  Undefined array key 1 in C:\Users\home\Local Sites\borgar\app\public\wp-content\plugins\astra-sites\inc\lib\zipwp-images\classes\zipwp-images-api.php on line 473
[06-Jul-2024 12:49:42 UTC] PHP Warning:  Undefined array key 1 in C:\Users\home\Local Sites\borgar\app\public\wp-content\plugins\astra-sites\inc\lib\zipwp-images\classes\zipwp-images-api.php on line 473
[06-Jul-2024 12:49:42 UTC] PHP Warning:  Undefined array key 1 in C:\Users\home\Local Sites\borgar\app\public\wp-content\plugins\astra-sites\inc\lib\zipwp-images\classes\zipwp-images-api.php on line 473
[06-Jul-2024 12:49:42 UTC] PHP Warning:  Undefined array key 1 in C:\Users\home\Local Sites\borgar\app\public\wp-content\plugins\astra-sites\inc\lib\zipwp-images\classes\zipwp-images-api.php on line 473
[06-Jul-2024 12:49:42 UTC] PHP Warning:  Undefined array key 1 in C:\Users\home\Local Sites\borgar\app\public\wp-content\plugins\astra-sites\inc\lib\zipwp-images\classes\zipwp-images-api.php on line 473
[06-Jul-2024 12:49:42 UTC] PHP Warning:  Undefined array key 1 in C:\Users\home\Local Sites\borgar\app\public\wp-content\plugins\astra-sites\inc\lib\zipwp-images\classes\zipwp-images-api.php on line 473
[06-Jul-2024 12:49:42 UTC] PHP Warning:  Undefined array key 1 in C:\Users\home\Local Sites\borgar\app\public\wp-content\plugins\astra-sites\inc\lib\zipwp-images\classes\zipwp-images-api.php on line 473
[06-Jul-2024 12:49:42 UTC] PHP Warning:  Undefined array key 1 in C:\Users\home\Local Sites\borgar\app\public\wp-content\plugins\astra-sites\inc\lib\zipwp-images\classes\zipwp-images-api.php on line 473
[06-Jul-2024 12:49:42 UTC] PHP Warning:  Undefined array key 1 in C:\Users\home\Local Sites\borgar\app\public\wp-content\plugins\astra-sites\inc\lib\zipwp-images\classes\zipwp-images-api.php on line 473
[06-Jul-2024 12:49:42 UTC] PHP Warning:  Undefined array key 1 in C:\Users\home\Local Sites\borgar\app\public\wp-content\plugins\astra-sites\inc\lib\zipwp-images\classes\zipwp-images-api.php on line 473
[06-Jul-2024 12:49:42 UTC] PHP Warning:  Undefined array key 1 in C:\Users\home\Local Sites\borgar\app\public\wp-content\plugins\astra-sites\inc\lib\zipwp-images\classes\zipwp-images-api.php on line 473
[06-Jul-2024 12:49:42 UTC] PHP Warning:  Undefined array key 1 in C:\Users\home\Local Sites\borgar\app\public\wp-content\plugins\astra-sites\inc\lib\zipwp-images\classes\zipwp-images-api.php on line 473
[06-Jul-2024 12:49:42 UTC] PHP Warning:  Undefined array key 1 in C:\Users\home\Local Sites\borgar\app\public\wp-content\plugins\astra-sites\inc\lib\zipwp-images\classes\zipwp-images-api.php on line 473
[06-Jul-2024 12:49:42 UTC] PHP Warning:  Undefined array key 1 in C:\Users\home\Local Sites\borgar\app\public\wp-content\plugins\astra-sites\inc\lib\zipwp-images\classes\zipwp-images-api.php on line 473
[06-Jul-2024 12:49:42 UTC] PHP Warning:  Undefined array key 1 in C:\Users\home\Local Sites\borgar\app\public\wp-content\plugins\astra-sites\inc\lib\zipwp-images\classes\zipwp-images-api.php on line 473
[06-Jul-2024 12:49:42 UTC] PHP Warning:  Undefined array key 1 in C:\Users\home\Local Sites\borgar\app\public\wp-content\plugins\astra-sites\inc\lib\zipwp-images\classes\zipwp-images-api.php on line 473
[06-Jul-2024 12:49:42 UTC] PHP Warning:  Undefined array key 1 in C:\Users\home\Local Sites\borgar\app\public\wp-content\plugins\astra-sites\inc\lib\zipwp-images\classes\zipwp-images-api.php on line 473
[06-Jul-2024 12:49:42 UTC] PHP Warning:  Undefined array key 1 in C:\Users\home\Local Sites\borgar\app\public\wp-content\plugins\astra-sites\inc\lib\zipwp-images\classes\zipwp-images-api.php on line 473
[06-Jul-2024 12:49:42 UTC] PHP Warning:  Undefined array key 1 in C:\Users\home\Local Sites\borgar\app\public\wp-content\plugins\astra-sites\inc\lib\zipwp-images\classes\zipwp-images-api.php on line 473
[06-Jul-2024 12:49:42 UTC] PHP Warning:  Undefined array key 1 in C:\Users\home\Local Sites\borgar\app\public\wp-content\plugins\astra-sites\inc\lib\zipwp-images\classes\zipwp-images-api.php on line 473
[06-Jul-2024 12:49:45 UTC] PHP Warning:  Undefined array key 1 in C:\Users\home\Local Sites\borgar\app\public\wp-content\plugins\astra-sites\inc\lib\zipwp-images\classes\zipwp-images-api.php on line 473
[06-Jul-2024 12:49:45 UTC] PHP Warning:  Undefined array key 1 in C:\Users\home\Local Sites\borgar\app\public\wp-content\plugins\astra-sites\inc\lib\zipwp-images\classes\zipwp-images-api.php on line 473
[06-Jul-2024 12:49:45 UTC] PHP Warning:  Undefined array key 1 in C:\Users\home\Local Sites\borgar\app\public\wp-content\plugins\astra-sites\inc\lib\zipwp-images\classes\zipwp-images-api.php on line 473
[06-Jul-2024 12:49:45 UTC] PHP Warning:  Undefined array key 1 in C:\Users\home\Local Sites\borgar\app\public\wp-content\plugins\astra-sites\inc\lib\zipwp-images\classes\zipwp-images-api.php on line 473
[06-Jul-2024 12:49:45 UTC] PHP Warning:  Undefined array key 1 in C:\Users\home\Local Sites\borgar\app\public\wp-content\plugins\astra-sites\inc\lib\zipwp-images\classes\zipwp-images-api.php on line 473
[06-Jul-2024 12:49:45 UTC] PHP Warning:  Undefined array key 1 in C:\Users\home\Local Sites\borgar\app\public\wp-content\plugins\astra-sites\inc\lib\zipwp-images\classes\zipwp-images-api.php on line 473
[06-Jul-2024 12:49:45 UTC] PHP Warning:  Undefined array key 1 in C:\Users\home\Local Sites\borgar\app\public\wp-content\plugins\astra-sites\inc\lib\zipwp-images\classes\zipwp-images-api.php on line 473
[06-Jul-2024 12:49:45 UTC] PHP Warning:  Undefined array key 1 in C:\Users\home\Local Sites\borgar\app\public\wp-content\plugins\astra-sites\inc\lib\zipwp-images\classes\zipwp-images-api.php on line 473
[06-Jul-2024 12:49:45 UTC] PHP Warning:  Undefined array key 1 in C:\Users\home\Local Sites\borgar\app\public\wp-content\plugins\astra-sites\inc\lib\zipwp-images\classes\zipwp-images-api.php on line 473
[06-Jul-2024 12:49:45 UTC] PHP Warning:  Undefined array key 1 in C:\Users\home\Local Sites\borgar\app\public\wp-content\plugins\astra-sites\inc\lib\zipwp-images\classes\zipwp-images-api.php on line 473
[06-Jul-2024 12:49:45 UTC] PHP Warning:  Undefined array key 1 in C:\Users\home\Local Sites\borgar\app\public\wp-content\plugins\astra-sites\inc\lib\zipwp-images\classes\zipwp-images-api.php on line 473
[06-Jul-2024 12:49:45 UTC] PHP Warning:  Undefined array key 1 in C:\Users\home\Local Sites\borgar\app\public\wp-content\plugins\astra-sites\inc\lib\zipwp-images\classes\zipwp-images-api.php on line 473
[06-Jul-2024 12:49:45 UTC] PHP Warning:  Undefined array key 1 in C:\Users\home\Local Sites\borgar\app\public\wp-content\plugins\astra-sites\inc\lib\zipwp-images\classes\zipwp-images-api.php on line 473
[06-Jul-2024 12:49:45 UTC] PHP Warning:  Undefined array key 1 in C:\Users\home\Local Sites\borgar\app\public\wp-content\plugins\astra-sites\inc\lib\zipwp-images\classes\zipwp-images-api.php on line 473
[06-Jul-2024 12:49:45 UTC] PHP Warning:  Undefined array key 1 in C:\Users\home\Local Sites\borgar\app\public\wp-content\plugins\astra-sites\inc\lib\zipwp-images\classes\zipwp-images-api.php on line 473
[06-Jul-2024 12:49:45 UTC] PHP Warning:  Undefined array key 1 in C:\Users\home\Local Sites\borgar\app\public\wp-content\plugins\astra-sites\inc\lib\zipwp-images\classes\zipwp-images-api.php on line 473
[06-Jul-2024 12:49:45 UTC] PHP Warning:  Undefined array key 1 in C:\Users\home\Local Sites\borgar\app\public\wp-content\plugins\astra-sites\inc\lib\zipwp-images\classes\zipwp-images-api.php on line 473
[06-Jul-2024 12:49:45 UTC] PHP Warning:  Undefined array key 1 in C:\Users\home\Local Sites\borgar\app\public\wp-content\plugins\astra-sites\inc\lib\zipwp-images\classes\zipwp-images-api.php on line 473
[06-Jul-2024 12:49:45 UTC] PHP Warning:  Undefined array key 1 in C:\Users\home\Local Sites\borgar\app\public\wp-content\plugins\astra-sites\inc\lib\zipwp-images\classes\zipwp-images-api.php on line 473
[06-Jul-2024 12:49:45 UTC] PHP Warning:  Undefined array key 1 in C:\Users\home\Local Sites\borgar\app\public\wp-content\plugins\astra-sites\inc\lib\zipwp-images\classes\zipwp-images-api.php on line 473
[08-Jul-2024 10:08:04 UTC] Cron reschedule event error for hook: action_scheduler_run_queue, Error code: could_not_set, Error message: The cron event list could not be saved., Data: {"schedule":"every_minute","args":["WP Cron"],"interval":60}
[08-Jul-2024 13:01:59 UTC] PHP Warning:  Attempt to read property "option_name" on null in C:\Users\home\Local Sites\borgar\app\public\wp-content\plugins\woocommerce\includes\abstracts\class-wc-background-process.php on line 74
[08-Jul-2024 13:01:59 UTC] PHP Warning:  Attempt to read property "option_value" on null in C:\Users\home\Local Sites\borgar\app\public\wp-content\plugins\woocommerce\includes\abstracts\class-wc-background-process.php on line 75
[11-Jul-2024 07:42:36 UTC] Cron reschedule event error for hook: action_scheduler_run_queue, Error code: could_not_set, Error message: The cron event list could not be saved., Data: {"schedule":"every_minute","args":["WP Cron"],"interval":60}
[13-Jul-2024 15:03:30 UTC] Cron reschedule event error for hook: action_scheduler_run_queue, Error code: could_not_set, Error message: The cron event list could not be saved., Data: {"schedule":"every_minute","args":["WP Cron"],"interval":60}
[13-Jul-2024 15:03:30 UTC] Cron unschedule event error for hook: action_scheduler_run_queue, Error code: could_not_set, Error message: The cron event list could not be saved., Data: {"schedule":"every_minute","args":["WP Cron"],"interval":60}
[13-Oct-2024 15:37:14 UTC] PHP Warning:  Unknown: Failed to open stream: No such file or directory in Unknown on line 0
[13-Oct-2024 15:37:15 UTC] PHP Fatal error:  Failed opening required 'E:/local/resources/extraResources/local-bootstrap.php' (include_path='.:/usr/share/php:/www/wp-content/pear') in Unknown on line 0
[13-Oct-2024 15:37:15 UTC] PHP Warning:  Unknown: Failed to open stream: No such file or directory in Unknown on line 0
[13-Oct-2024 15:37:15 UTC] PHP Fatal error:  Failed opening required 'E:/local/resources/extraResources/local-bootstrap.php' (include_path='.:/usr/share/php:/www/wp-content/pear') in Unknown on line 0
[13-Oct-2024 16:10:06 UTC] PHP Warning:  foreach() argument must be of type array|object, string given in C:\Users\home\Local Sites\borgar\app\public\wp-content\plugins\astra-sites\inc\importers\class-astra-sites-helper.php on line 143
[13-Oct-2024 16:10:06 UTC] PHP Warning:  foreach() argument must be of type array|object, string given in C:\Users\home\Local Sites\borgar\app\public\wp-content\plugins\astra-sites\inc\lib\starter-templates-importer\importer\st-widget-importer.php on line 150
[13-Oct-2024 16:48:23 UTC] Cron reschedule event error for hook: action_scheduler_run_queue, Error code: could_not_set, Error message: The cron event list could not be saved., Data: {"schedule":"every_minute","args":["WP Cron"],"interval":60}
